2024-12-11T12:48:23.400+03:00  INFO 19612 --- [bitirme] [restartedMain] com.sau.bitirme.BitirmeApplication       : Starting BitirmeApplication using Java 17.0.10 with PID 19612 (C:\Users\fatih\Desktop\bitirme\target\classes started by fatih in C:\Users\fatih\Desktop\bitirme)
2024-12-11T12:48:23.402+03:00  INFO 19612 --- [bitirme] [restartedMain] com.sau.bitirme.BitirmeApplication       : No active profile set, falling back to 1 default profile: "default"
2024-12-11T12:48:23.439+03:00  INFO 19612 --- [bitirme] [restartedMain] .e.DevToolsPropertyDefaultsPostProcessor : Devtools property defaults active! Set 'spring.devtools.add-properties' to 'false' to disable
2024-12-11T12:48:23.439+03:00  INFO 19612 --- [bitirme] [restartedMain] .e.DevToolsPropertyDefaultsPostProcessor : For additional web related logging consider setting the 'logging.level.web' property to 'DEBUG'
2024-12-11T12:48:23.804+03:00  INFO 19612 --- [bitirme] [restartedMain] .s.d.r.c.RepositoryConfigurationDelegate : Bootstrapping Spring Data JPA repositories in DEFAULT mode.
2024-12-11T12:48:23.853+03:00  INFO 19612 --- [bitirme] [restartedMain] .s.d.r.c.RepositoryConfigurationDelegate : Finished Spring Data repository scanning in 42 ms. Found 5 JPA repository interfaces.
2024-12-11T12:48:24.383+03:00  INFO 19612 --- [bitirme] [restartedMain] o.s.b.w.embedded.tomcat.TomcatWebServer  : Tomcat initialized with port 8080 (http)
2024-12-11T12:48:24.392+03:00  INFO 19612 --- [bitirme] [restartedMain] o.apache.catalina.core.StandardService   : Starting service [Tomcat]
2024-12-11T12:48:24.392+03:00  INFO 19612 --- [bitirme] [restartedMain] o.apache.catalina.core.StandardEngine    : Starting Servlet engine: [Apache Tomcat/10.1.31]
2024-12-11T12:48:24.433+03:00  INFO 19612 --- [bitirme] [restartedMain] o.a.c.c.C.[Tomcat].[localhost].[/]       : Initializing Spring embedded WebApplicationContext
2024-12-11T12:48:24.434+03:00  INFO 19612 --- [bitirme] [restartedMain] w.s.c.ServletWebServerApplicationContext : Root WebApplicationContext: initialization completed in 994 ms
2024-12-11T12:48:24.549+03:00  INFO 19612 --- [bitirme] [restartedMain] o.hibernate.jpa.internal.util.LogHelper  : HHH000204: Processing PersistenceUnitInfo [name: default]
2024-12-11T12:48:24.593+03:00  INFO 19612 --- [bitirme] [restartedMain] org.hibernate.Version                    : HHH000412: Hibernate ORM core version 6.5.3.Final
2024-12-11T12:48:24.621+03:00  INFO 19612 --- [bitirme] [restartedMain] o.h.c.internal.RegionFactoryInitiator    : HHH000026: Second-level cache disabled
2024-12-11T12:48:24.854+03:00  INFO 19612 --- [bitirme] [restartedMain] o.s.o.j.p.SpringPersistenceUnitInfo      : No LoadTimeWeaver setup: ignoring JPA class transformer
2024-12-11T12:48:24.895+03:00  INFO 19612 --- [bitirme] [restartedMain] com.zaxxer.hikari.HikariDataSource       : HikariPool-1 - Starting...
2024-12-11T12:48:25.007+03:00  INFO 19612 --- [bitirme] [restartedMain] com.zaxxer.hikari.pool.HikariPool        : HikariPool-1 - Added connection org.postgresql.jdbc.PgConnection@67aab4f6
2024-12-11T12:48:25.008+03:00  INFO 19612 --- [bitirme] [restartedMain] com.zaxxer.hikari.HikariDataSource       : HikariPool-1 - Start completed.
2024-12-11T12:48:25.831+03:00  INFO 19612 --- [bitirme] [restartedMain] o.h.e.t.j.p.i.JtaPlatformInitiator       : HHH000489: No JTA platform available (set 'hibernate.transaction.jta.platform' to enable JTA platform integration)
2024-12-11T12:48:25.909+03:00  INFO 19612 --- [bitirme] [restartedMain] j.LocalContainerEntityManagerFactoryBean : Initialized JPA EntityManagerFactory for persistence unit 'default'
2024-12-11T12:48:26.176+03:00  INFO 19612 --- [bitirme] [restartedMain] o.s.d.j.r.query.QueryEnhancerFactory     : Hibernate is in classpath; If applicable, HQL parser will be used.
2024-12-11T12:48:26.506+03:00  WARN 19612 --- [bitirme] [restartedMain] JpaBaseConfiguration$JpaWebConfiguration : spring.jpa.open-in-view is enabled by default. Therefore, database queries may be performed during view rendering. Explicitly configure spring.jpa.open-in-view to disable this warning
2024-12-11T12:48:26.774+03:00  INFO 19612 --- [bitirme] [restartedMain] o.s.b.d.a.OptionalLiveReloadServer       : LiveReload server is running on port 35729
2024-12-11T12:48:26.800+03:00  INFO 19612 --- [bitirme] [restartedMain] o.s.b.w.embedded.tomcat.TomcatWebServer  : Tomcat started on port 8080 (http) with context path '/'
2024-12-11T12:48:26.808+03:00  INFO 19612 --- [bitirme] [restartedMain] com.sau.bitirme.BitirmeApplication       : Started BitirmeApplication in 3.744 seconds (process running for 4.33)
2024-12-11T12:49:15.750+03:00  INFO 19612 --- [bitirme] [http-nio-8080-exec-1] o.a.c.c.C.[Tomcat].[localhost].[/]       : Initializing Spring DispatcherServlet 'dispatcherServlet'
2024-12-11T12:49:15.750+03:00  INFO 19612 --- [bitirme] [http-nio-8080-exec-1] o.s.web.servlet.DispatcherServlet        : Initializing Servlet 'dispatcherServlet'
2024-12-11T12:49:15.751+03:00  INFO 19612 --- [bitirme] [http-nio-8080-exec-1] o.s.web.servlet.DispatcherServlet        : Completed initialization in 1 ms
2024-12-11T12:51:58.821+03:00  INFO 19612 --- [bitirme] [SpringApplicationShutdownHook] j.LocalContainerEntityManagerFactoryBean : Closing JPA EntityManagerFactory for persistence unit 'default'
2024-12-11T12:51:58.823+03:00  INFO 19612 --- [bitirme] [SpringApplicationShutdownHook] com.zaxxer.hikari.HikariDataSource       : HikariPool-1 - Shutdown initiated...
2024-12-11T12:51:58.825+03:00  INFO 19612 --- [bitirme] [SpringApplicationShutdownHook] com.zaxxer.hikari.HikariDataSource       : HikariPool-1 - Shutdown completed.
